<?xml version="1.0" encoding="UTF-8"?>
<!-- Generated by org.testng.reporters.JUnitReportReporter -->
<testsuite skipped="0" hostname="DESKTOP-LAO8EQR" name="com.abc.magentotest.MagentoTest" tests="1" failures="0" timestamp="15 Jun 2018 06:28:31 GMT" time="96.790" errors="0">
  <testcase name="magentoTest" time="96.790" classname="com.abc.magentotest.MagentoTest"/>
</testsuite> <!-- com.abc.magentotest.MagentoTest -->
